<?xml version="1.0" encoding="UTF-8"?>
<testng-results skipped="0" failed="0" total="1" passed="1">
  <reporter-output>
  </reporter-output>
  <suite name="Default suite" duration-ms="12991" started-at="2019-03-25T03:35:11Z" finished-at="2019-03-25T03:35:24Z">
    <groups>
    </groups>
    <test name="Default test" duration-ms="12991" started-at="2019-03-25T03:35:11Z" finished-at="2019-03-25T03:35:24Z">
      <class name="youxiang.login">
        <test-method status="PASS" signature="adakai()[pri:0, instance:youxiang.login@224aed64]" name="adakai" is-config="true" duration-ms="6403" started-at="2019-03-25T11:35:11Z" finished-at="2019-03-25T11:35:17Z">
          <reporter-output>
          </reporter-output>
        </test-method> <!-- adakai -->
        <test-method status="PASS" signature="bdenglu()[pri:0, instance:youxiang.login@224aed64]" name="bdenglu" duration-ms="6122" started-at="2019-03-25T11:35:17Z" finished-at="2019-03-25T11:35:23Z">
          <reporter-output>
          </reporter-output>
        </test-method> <!-- bdenglu -->
        <test-method status="PASS" signature="hafterClass()[pri:0, instance:youxiang.login@224aed64]" name="hafterClass" is-config="true" duration-ms="435" started-at="2019-03-25T11:35:23Z" finished-at="2019-03-25T11:35:24Z">
          <reporter-output>
          </reporter-output>
        </test-method> <!-- hafterClass -->
      </class> <!-- youxiang.login -->
    </test> <!-- Default test -->
  </suite> <!-- Default suite -->
</testng-results>
